{"numTotalTestSuites":349,"numPassedTestSuites":337,"numFailedTestSuites":12,"numPendingTestSuites":0,"numTotalTests":1205,"numPassedTests":1195,"numFailedTests":10,"numPendingTests":0,"numTodoTests":0,"snapshot":{"added":0,"failure":false,"filesAdded":0,"filesRemoved":0,"filesRemovedList":[],"filesUnmatched":0,"filesUpdated":0,"matched":0,"total":0,"unchecked":0,"uncheckedKeysByFile":[],"unmatched":0,"updated":0,"didUpdate":false},"startTime":1775307901447,"success":false,"testResults":[{"assertionResults":[{"ancestorTitles":["Sprint 2: admin-inventory module"],"fullName":"Sprint 2: admin-inventory module exports all required inventory functions","status":"passed","title":"exports all required inventory functions","duration":54.026625000000024,"failureMessages":[],"meta":{}},{"ancestorTitles":["Sprint 2: admin-products module extensions"],"fullName":"Sprint 2: admin-products module extensions exports variant CRUD functions","status":"passed","title":"exports variant CRUD functions","duration":15.090791000000024,"failureMessages":[],"meta":{}},{"ancestorTitles":["Sprint 2: admin-products module extensions"],"fullName":"Sprint 2: admin-products module extensions exports option CRUD functions","status":"passed","title":"exports option CRUD functions","duration":0.12283300000001418,"failureMessages":[],"meta":{}},{"ancestorTitles":["Sprint 3: admin-orders module extensions"],"fullName":"Sprint 3: admin-orders module extensions exports fulfillment tracking functions","status":"passed","title":"exports fulfillment tracking functions","duration":12.768375000000049,"failureMessages":[],"meta":{}},{"ancestorTitles":["Sprint 3: admin-orders module extensions"],"fullName":"Sprint 3: admin-orders module extensions exports refund processing function","status":"passed","title":"exports refund processing function","duration":0.12445800000000418,"failureMessages":[],"meta":{}},{"ancestorTitles":["Sprint 3: admin-orders module extensions"],"fullName":"Sprint 3: admin-orders module extensions exports order notes CRUD","status":"passed","title":"exports order notes CRUD","duration":0.10358300000001464,"failureMessages":[],"meta":{}},{"ancestorTitles":["Sprint 3: admin-orders module extensions"],"fullName":"Sprint 3: admin-orders module extensions exports return/refund request functions","status":"passed","title":"exports return/refund request functions","duration":0.07054200000004585,"failureMessages":[],"meta":{}},{"ancestorTitles":["Sprint 3: admin-orders module extensions"],"fullName":"Sprint 3: admin-orders module extensions exports customer detail function","status":"passed","title":"exports customer detail function","duration":0.07479200000000219,"failureMessages":[],"meta":{}},{"ancestorTitles":["Sprint 4: admin-shipping module"],"fullName":"Sprint 4: admin-shipping module exports all required shipping functions","status":"passed","title":"exports all required shipping functions","duration":39.64408400000002,"failureMessages":[],"meta":{}},{"ancestorTitles":["Sprint 4: admin-shipping module"],"fullName":"Sprint 4: admin-shipping module exports region management functions","status":"passed","title":"exports region management functions","duration":0.12087500000001228,"failureMessages":[],"meta":{}},{"ancestorTitles":["Sprint 4: admin-shipping module"],"fullName":"Sprint 4: admin-shipping module exports store settings functions","status":"passed","title":"exports store settings functions","duration":0.054207999999960066,"failureMessages":[],"meta":{}},{"ancestorTitles":["Sprint 6: admin-promotions module"],"fullName":"Sprint 6: admin-promotions module exports all required promotion CRUD functions","status":"passed","title":"exports all required promotion CRUD functions","duration":38.795124999999985,"failureMessages":[],"meta":{}},{"ancestorTitles":["Sprint 7: admin-analytics module"],"fullName":"Sprint 7: admin-analytics module exports revenue metrics function","status":"passed","title":"exports revenue metrics function","duration":40.96245800000003,"failureMessages":[],"meta":{}},{"ancestorTitles":["Sprint 7: admin-analytics module"],"fullName":"Sprint 7: admin-analytics module exports top products function","status":"passed","title":"exports top products function","duration":0.11587500000001683,"failureMessages":[],"meta":{}},{"ancestorTitles":["Sprint 7: admin-analytics module"],"fullName":"Sprint 7: admin-analytics module exports dashboard metrics function","status":"passed","title":"exports dashboard metrics function","duration":0.1775419999999599,"failureMessages":[],"meta":{}},{"ancestorTitles":["Admin barrel re-exports"],"fullName":"Admin barrel re-exports re-exports Sprint 2 variant/option functions from barrel","status":"passed","title":"re-exports Sprint 2 variant/option functions from barrel","duration":41.728125000000034,"failureMessages":[],"meta":{}},{"ancestorTitles":["Admin barrel re-exports"],"fullName":"Admin barrel re-exports re-exports Sprint 3 order lifecycle functions from barrel","status":"passed","title":"re-exports Sprint 3 order lifecycle functions from barrel","duration":0.14491599999996652,"failureMessages":[],"meta":{}}],"startTime":1775307901776,"endTime":1775307902021.145,"status":"passed","message":"","name":"/Users/webnorka/DESARROLLO/BOOTANDSTRAP/PLANTILLA+ADMIN/ecommerce-template/apps/storefront/src/lib/__tests__/admin-libraries.test.ts"},{"assertionResults":[{"ancestorTitles":["Analytics Contract","event types are well-defined"],"fullName":"Analytics Contract event types are well-defined client event types are unique","status":"passed","title":"client event types are unique","duration":0.47537499999999966,"failureMessages":[],"meta":{}},{"ancestorTitles":["Analytics Contract","event types are well-defined"],"fullName":"Analytics Contract event types are well-defined webhook event types are unique","status":"passed","title":"webhook event types are unique","duration":0.06445899999999938,"failureMessages":[],"meta":{}},{"ancestorTitles":["Analytics Contract","event types are well-defined"],"fullName":"Analytics Contract event types are well-defined no overlap between client and webhook event types","status":"passed","title":"no overlap between client and webhook event types","duration":0.24587499999999807,"failureMessages":[],"meta":{}},{"ancestorTitles":["Analytics Contract","insert shape contract"],"fullName":"Analytics Contract insert shape contract client insert has required fields","status":"passed","title":"client insert has required fields","duration":0.14841700000000912,"failureMessages":[],"meta":{}},{"ancestorTitles":["Analytics Contract","insert shape contract"],"fullName":"Analytics Contract insert shape contract webhook insert has required fields","status":"passed","title":"webhook insert has required fields","duration":0.09883299999999906,"failureMessages":[],"meta":{}},{"ancestorTitles":["Analytics Contract","insert shape contract"],"fullName":"Analytics Contract insert shape contract neither insert path uses deprecated \"metadata\" field","status":"passed","title":"neither insert path uses deprecated \"metadata\" field","duration":0.24954199999999105,"failureMessages":[],"meta":{}},{"ancestorTitles":["Analytics Contract","insert shape contract"],"fullName":"Analytics Contract insert shape contract webhook marks source in properties","status":"passed","title":"webhook marks source in properties","duration":0.03849999999999909,"failureMessages":[],"meta":{}},{"ancestorTitles":["Analytics Contract","panel read expectations"],"fullName":"Analytics Contract panel read expectations reads properties column (not metadata)","status":"passed","title":"reads properties column (not metadata)","duration":0.31962500000000205,"failureMessages":[],"meta":{}},{"ancestorTitles":["Limit Enforcement Scenarios","max_orders_month enforcement"],"fullName":"Limit Enforcement Scenarios max_orders_month enforcement starter plan blocks at 100 orders","status":"passed","title":"starter plan blocks at 100 orders","duration":0.09004200000001106,"failureMessages":[],"meta":{}},{"ancestorTitles":["Limit Enforcement Scenarios","max_orders_month enforcement"],"fullName":"Limit Enforcement Scenarios max_orders_month enforcement pro plan allows up to 5000 orders","status":"passed","title":"pro plan allows up to 5000 orders","duration":0.08145799999999781,"failureMessages":[],"meta":{}},{"ancestorTitles":["Limit Enforcement Scenarios","max_orders_month enforcement"],"fullName":"Limit Enforcement Scenarios max_orders_month enforcement severity changes at 70% and 90%","status":"passed","title":"severity changes at 70% and 90%","duration":0.06737499999999841,"failureMessages":[],"meta":{}},{"ancestorTitles":["Limit Enforcement Scenarios","max_customers enforcement"],"fullName":"Limit Enforcement Scenarios max_customers enforcement starter plan blocks at 50 customers","status":"passed","title":"starter plan blocks at 50 customers","duration":0.04245799999999633,"failureMessages":[],"meta":{}},{"ancestorTitles":["Limit Enforcement Scenarios","max_customers enforcement"],"fullName":"Limit Enforcement Scenarios max_customers enforcement pro plan allows up to 1000 customers","status":"passed","title":"pro plan allows up to 1000 customers","duration":0.05962500000001114,"failureMessages":[],"meta":{}},{"ancestorTitles":["Limit Enforcement Scenarios","zero-limit enforcement (custom_domains on starter)"],"fullName":"Limit Enforcement Scenarios zero-limit enforcement (custom_domains on starter) zero limit blocks immediately","status":"passed","title":"zero limit blocks immediately","duration":0.10945800000000361,"failureMessages":[],"meta":{}},{"ancestorTitles":["Limit Enforcement Scenarios","cross-plan upgrade scenario"],"fullName":"Limit Enforcement Scenarios cross-plan upgrade scenario same usage allowed on pro but blocked on starter","status":"passed","title":"same usage allowed on pro but blocked on starter","duration":0.06904199999999605,"failureMessages":[],"meta":{}}],"startTime":1775307902855,"endTime":1775307902858.1094,"status":"passed","message":"","name":"/Users/webnorka/DESARROLLO/BOOTANDSTRAP/PLANTILLA+ADMIN/ecommerce-template/apps/storefront/src/lib/__tests__/analytics-contract.test.ts"},{"assertionResults":[{"ancestorTitles":["resolvePostLoginDestination"],"fullName":"resolvePostLoginDestination sends owner role to panel by default","status":"passed","title":"sends owner role to panel by default","duration":0.4851250000000107,"failureMessages":[],"meta":{}},{"ancestorTitles":["resolvePostLoginDestination"],"fullName":"resolvePostLoginDestination sends super_admin to panel (panel role)","status":"passed","title":"sends super_admin to panel (panel role)","duration":0.06366699999999526,"failureMessages":[],"meta":{}},{"ancestorTitles":["resolvePostLoginDestination"],"fullName":"resolvePostLoginDestination sends non-panel roles to account by default","status":"passed","title":"sends non-panel roles to account by default","duration":0.08675000000000921,"failureMessages":[],"meta":{}},{"ancestorTitles":["resolvePostLoginDestination"],"fullName":"resolvePostLoginDestination honors safe internal redirect when role can access destination","status":"passed","title":"honors safe internal redirect when role can access destination","duration":0.0924580000000077,"failureMessages":[],"meta":{}},{"ancestorTitles":["resolvePostLoginDestination"],"fullName":"resolvePostLoginDestination blocks privilege escalation and unsafe redirects","status":"passed","title":"blocks privilege escalation and unsafe redirects","duration":0.16133299999999906,"failureMessages":[],"meta":{}}],"startTime":1775307903483,"endTime":1775307903484.1614,"status":"passed","message":"","name":"/Users/webnorka/DESARROLLO/BOOTANDSTRAP/PLANTILLA+ADMIN/ecommerce-template/apps/storefront/src/lib/__tests__/auth-routing.test.ts"},{"assertionResults":[{"ancestorTitles":["Checkout Payment Contract"],"fullName":"Checkout Payment Contract returns all 4 payment methods when all flags are on","status":"passed","title":"returns all 4 payment methods when all flags are on","duration":0.8137080000000196,"failureMessages":[],"meta":{}},{"ancestorTitles":["Checkout Payment Contract"],"fullName":"Checkout Payment Contract method objects have required properties","status":"passed","title":"method objects have required properties","duration":0.31112499999994725,"failureMessages":[],"meta":{}},{"ancestorTitles":["Checkout Payment Contract"],"fullName":"Checkout Payment Contract whatsapp method exists","status":"passed","title":"whatsapp method exists","duration":0.1641660000000229,"failureMessages":[],"meta":{}},{"ancestorTitles":["Checkout Payment Contract"],"fullName":"Checkout Payment Contract card method exists","status":"passed","title":"card method exists","duration":0.06483400000001893,"failureMessages":[],"meta":{}},{"ancestorTitles":["Checkout Payment Contract"],"fullName":"Checkout Payment Contract cod method exists","status":"passed","title":"cod method exists","duration":0.05483300000003055,"failureMessages":[],"meta":{}},{"ancestorTitles":["Checkout Payment Contract"],"fullName":"Checkout Payment Contract bank_transfer method exists","status":"passed","title":"bank_transfer method exists","duration":0.03958299999999326,"failureMessages":[],"meta":{}},{"ancestorTitles":["Checkout Payment Contract"],"fullName":"Checkout Payment Contract disabling a flag removes its method","status":"passed","title":"disabling a flag removes its method","duration":0.10025000000007367,"failureMessages":[],"meta":{}},{"ancestorTitles":["Checkout Payment Contract"],"fullName":"Checkout Payment Contract disabling all payment flags returns empty","status":"passed","title":"disabling all payment flags returns empty","duration":0.08279200000004039,"failureMessages":[],"meta":{}},{"ancestorTitles":["Checkout Payment Contract"],"fullName":"Checkout Payment Contract respects max_payment_methods limit","status":"passed","title":"respects max_payment_methods limit","duration":0.07158300000003237,"failureMessages":[],"meta":{}},{"ancestorTitles":["Checkout Payment Contract"],"fullName":"Checkout Payment Contract returns all when max_payment_methods is 0 (unlimited)","status":"passed","title":"returns all when max_payment_methods is 0 (unlimited)","duration":0.07545900000002348,"failureMessages":[],"meta":{}},{"ancestorTitles":["Checkout Payment Contract"],"fullName":"Checkout Payment Contract returns all when limits is null","status":"passed","title":"returns all when limits is null","duration":0.05599999999992633,"failureMessages":[],"meta":{}},{"ancestorTitles":["Checkout Payment Contract"],"fullName":"Checkout Payment Contract methods are sorted by priority (ascending)","status":"passed","title":"methods are sorted by priority (ascending)","duration":0.06429100000002563,"failureMessages":[],"meta":{}},{"ancestorTitles":["Checkout Payment Contract"],"fullName":"Checkout Payment Contract all method IDs are unique","status":"passed","title":"all method IDs are unique","duration":0.037833999999975276,"failureMessages":[],"meta":{}}],"startTime":1775307903506,"endTime":1775307903508.0828,"status":"passed","message":"","name":"/Users/webnorka/DESARROLLO/BOOTANDSTRAP/PLANTILLA+ADMIN/ecommerce-template/apps/storefront/src/lib/__tests__/checkout-payment-contract.test.ts"},{"assertionResults":[{"ancestorTitles":["getConfig — authorization"],"fullName":"getConfig — authorization uses governance client (service-role), not anon client","status":"passed","title":"uses governance client (service-role), not anon client","duration":21.714624999999984,"failureMessages":[],"meta":{}},{"ancestorTitles":["getConfig — authorization"],"fullName":"getConfig — authorization always scopes queries by tenant_id","status":"passed","title":"always scopes queries by tenant_id","duration":2.1289580000000115,"failureMessages":[],"meta":{}},{"ancestorTitles":["getConfig — authorization"],"fullName":"getConfig — authorization uses fallback only on actual errors, not on empty data","status":"passed","title":"uses fallback only on actual errors, not on empty data","duration":1.521540999999985,"failureMessages":[],"meta":{}},{"ancestorTitles":["getConfig — authorization"],"fullName":"getConfig — authorization throws when admin client cannot be created due to missing env","status":"passed","title":"throws when admin client cannot be created due to missing env","duration":5.171374999999983,"failureMessages":[],"meta":{}}],"startTime":1775307902169,"endTime":1775307902200.1714,"status":"passed","message":"","name":"/Users/webnorka/DESARROLLO/BOOTANDSTRAP/PLANTILLA+ADMIN/ecommerce-template/apps/storefront/src/lib/__tests__/config-fetch-authz.test.ts"},{"assertionResults":[{"ancestorTitles":["Config Pipeline Integrity","1. ONBOARDING_CONFIG_KEYS → MODULE_CONFIG_FIELDS coverage"],"fullName":"Config Pipeline Integrity 1. ONBOARDING_CONFIG_KEYS → MODULE_CONFIG_FIELDS coverage every onboarding config key exists in at least one MODULE_CONFIG_FIELDS entry","status":"passed","title":"every onboarding config key exists in at least one MODULE_CONFIG_FIELDS entry","duration":0.6765410000000003,"failureMessages":[],"meta":{}},{"ancestorTitles":["Config Pipeline Integrity","1. ONBOARDING_CONFIG_KEYS → MODULE_CONFIG_FIELDS coverage"],"fullName":"Config Pipeline Integrity 1. ONBOARDING_CONFIG_KEYS → MODULE_CONFIG_FIELDS coverage has at least 45 onboarding config keys","status":"passed","title":"has at least 45 onboarding config keys","duration":0.09041600000000471,"failureMessages":[],"meta":{}},{"ancestorTitles":["Config Pipeline Integrity","2. MODULE_CONFIG_FIELDS → Zod validation coverage"],"fullName":"Config Pipeline Integrity 2. MODULE_CONFIG_FIELDS → Zod validation coverage every config field has a Zod schema in owner-validation.ts","status":"passed","title":"every config field has a Zod schema in owner-validation.ts","duration":0.16083299999999667,"failureMessages":[],"meta":{}},{"ancestorTitles":["Config Pipeline Integrity","3. ModuleConfigClient field definitions"],"fullName":"Config Pipeline Integrity 3. ModuleConfigClient field definitions has field defs for chatbot module","status":"passed","title":"has field defs for chatbot module","duration":0.30945799999999224,"failureMessages":[],"meta":{}},{"ancestorTitles":["Config Pipeline Integrity","3. ModuleConfigClient field definitions"],"fullName":"Config Pipeline Integrity 3. ModuleConfigClient field definitions has field defs for pos module","status":"passed","title":"has field defs for pos module","duration":0.07375000000000398,"failureMessages":[],"meta":{}},{"ancestorTitles":["Config Pipeline Integrity","3. ModuleConfigClient field definitions"],"fullName":"Config Pipeline Integrity 3. ModuleConfigClient field definitions has field defs for crm module","status":"passed","title":"has field defs for crm module","duration":0.0624170000000106,"failureMessages":[],"meta":{}},{"ancestorTitles":["Config Pipeline Integrity","3. ModuleConfigClient field definitions"],"fullName":"Config Pipeline Integrity 3. ModuleConfigClient field definitions has field defs for email_marketing module","status":"passed","title":"has field defs for email_marketing module","duration":0.05229199999999423,"failureMessages":[],"meta":{}},{"ancestorTitles":["Config Pipeline Integrity","3. ModuleConfigClient field definitions"],"fullName":"Config Pipeline Integrity 3. ModuleConfigClient field definitions has field defs for automation module","status":"passed","title":"has field defs for automation module","duration":0.06262499999999704,"failureMessages":[],"meta":{}},{"ancestorTitles":["Config Pipeline Integrity","3. ModuleConfigClient field definitions"],"fullName":"Config Pipeline Integrity 3. ModuleConfigClient field definitions has field defs for capacidad module","status":"passed","title":"has field defs for capacidad module","duration":0.05637500000000273,"failureMessages":[],"meta":{}},{"ancestorTitles":["Config Pipeline Integrity","3. ModuleConfigClient field definitions"],"fullName":"Config Pipeline Integrity 3. ModuleConfigClient field definitions has at least 11 module field defs (auth_advanced has no config fields)","status":"passed","title":"has at least 11 module field defs (auth_advanced has no config fields)","duration":0.056167000000002076,"failureMessages":[],"meta":{}},{"ancestorTitles":["Config Pipeline Integrity","4. Field type coverage"],"fullName":"Config Pipeline Integrity 4. Field type coverage ModuleConfigClient supports toggle type","status":"passed","title":"ModuleConfigClient supports toggle type","duration":0.05795799999999929,"failureMessages":[],"meta":{}},{"ancestorTitles":["Config Pipeline Integrity","4. Field type coverage"],"fullName":"Config Pipeline Integrity 4. Field type coverage ModuleConfigClient supports number type with inputMode","status":"passed","title":"ModuleConfigClient supports number type with inputMode","duration":0.047708000000000084,"failureMessages":[],"meta":{}},{"ancestorTitles":["Config Pipeline Integrity","5. Whitelist safety"],"fullName":"Config Pipeline Integrity 5. Whitelist safety all email keys are in the onboarding whitelist","status":"passed","title":"all email keys are in the onboarding whitelist","duration":0.04104199999999025,"failureMessages":[],"meta":{}},{"ancestorTitles":["Config Pipeline Integrity","5. Whitelist safety"],"fullName":"Config Pipeline Integrity 5. Whitelist safety all number keys are in the onboarding whitelist","status":"passed","title":"all number keys are in the onboarding whitelist","duration":0.036625000000000796,"failureMessages":[],"meta":{}},{"ancestorTitles":["Config Pipeline Integrity","5. Whitelist safety"],"fullName":"Config Pipeline Integrity 5. Whitelist safety all boolean keys are in the onboarding whitelist","status":"passed","title":"all boolean keys are in the onboarding whitelist","duration":0.047458000000005995,"failureMessages":[],"meta":{}},{"ancestorTitles":["Config Pipeline Integrity","5. Whitelist safety"],"fullName":"Config Pipeline Integrity 5. Whitelist safety boolean coercion is applied in save action","status":"passed","title":"boolean coercion is applied in save action","duration":0.04749999999999943,"failureMessages":[],"meta":{}},{"ancestorTitles":["Config Pipeline Integrity","5. Whitelist safety"],"fullName":"Config Pipeline Integrity 5. Whitelist safety onboarding config keys are unique (no duplicates)","status":"passed","title":"onboarding config keys are unique (no duplicates)","duration":0.05079200000000128,"failureMessages":[],"meta":{}},{"ancestorTitles":["Config Pipeline Integrity","6. owner-config.ts MODULE_CONFIG_FIELDS completeness"],"fullName":"Config Pipeline Integrity 6. owner-config.ts MODULE_CONFIG_FIELDS completeness chatbot has at least 4 config fields","status":"passed","title":"chatbot has at least 4 config fields","duration":0.04574999999999818,"failureMessages":[],"meta":{}},{"ancestorTitles":["Config Pipeline Integrity","6. owner-config.ts MODULE_CONFIG_FIELDS completeness"],"fullName":"Config Pipeline Integrity 6. owner-config.ts MODULE_CONFIG_FIELDS completeness pos has at least 5 config fields","status":"passed","title":"pos has at least 5 config fields","duration":0.032957999999993604,"failureMessages":[],"meta":{}},{"ancestorTitles":["Config Pipeline Integrity","6. owner-config.ts MODULE_CONFIG_FIELDS completeness"],"fullName":"Config Pipeline Integrity 6. owner-config.ts MODULE_CONFIG_FIELDS completeness crm has at least 3 config fields","status":"passed","title":"crm has at least 3 config fields","duration":0.03083300000000122,"failureMessages":[],"meta":{}},{"ancestorTitles":["Config Pipeline Integrity","6. owner-config.ts MODULE_CONFIG_FIELDS completeness"],"fullName":"Config Pipeline Integrity 6. owner-config.ts MODULE_CONFIG_FIELDS completeness email_marketing has at least 4 config fields","status":"passed","title":"email_marketing has at least 4 config fields","duration":0.03187499999999943,"failureMessages":[],"meta":{}},{"ancestorTitles":["Config Pipeline Integrity","6. owner-config.ts MODULE_CONFIG_FIELDS completeness"],"fullName":"Config Pipeline Integrity 6. owner-config.ts MODULE_CONFIG_FIELDS completeness capacidad has at least 3 config fields","status":"passed","title":"capacidad has at least 3 config fields","duration":0.03062500000000057,"failureMessages":[],"meta":{}}],"startTime":1775307903070,"endTime":1775307903072.0737,"status":"passed","message":"","name":"/Users/webnorka/DESARROLLO/BOOTANDSTRAP/PLANTILLA+ADMIN/ecommerce-template/apps/storefront/src/lib/__tests__/config-pipeline-integrity.test.ts"},{"assertionResults":[{"ancestorTitles":["Config Schema Alignment (Governance Contract)","FeatureFlags interface"],"fullName":"Config Schema Alignment (Governance Contract) FeatureFlags interface has exactly 62 flags (matches governance contract)","status":"passed","title":"has exactly 62 flags (matches governance contract)","duration":4.230707999999993,"failureMessages":[],"meta":{}},{"ancestorTitles":["Config Schema Alignment (Governance Contract)","FeatureFlags interface"],"fullName":"Config Schema Alignment (Governance Contract) FeatureFlags interface all flag values are booleans","status":"passed","title":"all flag values are booleans","duration":0.44545800000000213,"failureMessages":[],"meta":{}},{"ancestorTitles":["Config Schema Alignment (Governance Contract)","PlanLimits interface"],"fullName":"Config Schema Alignment (Governance Contract) PlanLimits interface has exactly 28 limit keys (matches governance contract)","status":"passed","title":"has exactly 28 limit keys (matches governance contract)","duration":1.0225829999999974,"failureMessages":[],"meta":{}},{"ancestorTitles":["Config Schema Alignment (Governance Contract)","StoreConfig interface"],"fullName":"Config Schema Alignment (Governance Contract) StoreConfig interface includes tenant_id for multi-tenant support","status":"passed","title":"includes tenant_id for multi-tenant support","duration":0.07566700000000992,"failureMessages":[],"meta":{}},{"ancestorTitles":["Config Schema Alignment (Governance Contract)","StoreConfig interface"],"fullName":"Config Schema Alignment (Governance Contract) StoreConfig interface includes Phase 8A columns","status":"passed","title":"includes Phase 8A columns","duration":0.06712500000000432,"failureMessages":[],"meta":{}},{"ancestorTitles":["Config Schema Alignment (Governance Contract)","Governance Contract integrity"],"fullName":"Config Schema Alignment (Governance Contract) Governance Contract integrity contract has expected structure","status":"passed","title":"contract has expected structure","duration":0.09195900000000279,"failureMessages":[],"meta":{}},{"ancestorTitles":["Config Schema Alignment (Governance Contract)","Governance Contract integrity"],"fullName":"Config Schema Alignment (Governance Contract) Governance Contract integrity module keys are all canonical","status":"passed","title":"module keys are all canonical","duration":0.30349999999998545,"failureMessages":[],"meta":{}},{"ancestorTitles":["Config Schema Alignment (Governance Contract)","Governance Contract integrity"],"fullName":"Config Schema Alignment (Governance Contract) Governance Contract integrity every module has at least one tier","status":"passed","title":"every module has at least one tier","duration":0.15500000000000114,"failureMessages":[],"meta":{}},{"ancestorTitles":["getRequiredTenantId"],"fullName":"getRequiredTenantId returns TENANT_ID when set","status":"passed","title":"returns TENANT_ID when set","duration":0.3339159999999879,"failureMessages":[],"meta":{}},{"ancestorTitles":["getRequiredTenantId"],"fullName":"getRequiredTenantId does NOT fall back to NEXT_PUBLIC_TENANT_ID (server-only contract)","status":"passed","title":"does NOT fall back to NEXT_PUBLIC_TENANT_ID (server-only contract)","duration":0.649708000000004,"failureMessages":[],"meta":{}},{"ancestorTitles":["getRequiredTenantId"],"fullName":"getRequiredTenantId prefers TENANT_ID (ignores NEXT_PUBLIC_TENANT_ID entirely)","status":"passed","title":"prefers TENANT_ID (ignores NEXT_PUBLIC_TENANT_ID entirely)","duration":0.1448750000000132,"failureMessages":[],"meta":{}},{"ancestorTitles":["getRequiredTenantId"],"fullName":"getRequiredTenantId throws in production when neither env var is set","status":"passed","title":"throws in production when neither env var is set","duration":0.3707499999999868,"failureMessages":[],"meta":{}},{"ancestorTitles":["getRequiredTenantId"],"fullName":"getRequiredTenantId throws in production even if NEXT_PUBLIC_TENANT_ID is set (not a valid server fallback)","status":"passed","title":"throws in production even if NEXT_PUBLIC_TENANT_ID is set (not a valid server fallback)","duration":0.12199999999998568,"failureMessages":[],"meta":{}},{"ancestorTitles":["getRequiredTenantId"],"fullName":"getRequiredTenantId returns dev placeholder in development when neither env var is set","status":"passed","title":"returns dev placeholder in development when neither env var is set","duration":0.1572089999999946,"failureMessages":[],"meta":{}}],"startTime":1775307902439,"endTime":1775307902447.1572,"status":"passed","message":"","name":"/Users/webnorka/DESARROLLO/BOOTANDSTRAP/PLANTILLA+ADMIN/ecommerce-template/apps/storefront/src/lib/__tests__/config-schema.test.ts"},{"assertionResults":[{"ancestorTitles":["Config → UI Integration Contract"],"fullName":"Config → UI Integration Contract FALLBACK_CONFIG forces maintenance mode","status":"passed","title":"FALLBACK_CONFIG forces maintenance mode","duration":0.9174160000000029,"failureMessages":[],"meta":{}},{"ancestorTitles":["Config → UI Integration Contract"],"fullName":"Config → UI Integration Contract FALLBACK_CONFIG marks as degraded","status":"passed","title":"FALLBACK_CONFIG marks as degraded","duration":0.10562500000000341,"failureMessages":[],"meta":{}},{"ancestorTitles":["Config → UI Integration Contract"],"fullName":"Config → UI Integration Contract FALLBACK_CONFIG disables all non-maintenance flags","status":"passed","title":"FALLBACK_CONFIG disables all non-maintenance flags","duration":0.5616660000000024,"failureMessages":[],"meta":{}},{"ancestorTitles":["Config → UI Integration Contract"],"fullName":"Config → UI Integration Contract FALLBACK_CONFIG validates against AppConfigSchema","status":"passed","title":"FALLBACK_CONFIG validates against AppConfigSchema","duration":1.3127920000000017,"failureMessages":[],"meta":{}},{"ancestorTitles":["Config → UI Integration Contract"],"fullName":"Config → UI Integration Contract every contract flag has a corresponding FeatureFlagsSchema field","status":"passed","title":"every contract flag has a corresponding FeatureFlagsSchema field","duration":0.3553330000000017,"failureMessages":[],"meta":{}},{"ancestorTitles":["Config → UI Integration Contract"],"fullName":"Config → UI Integration Contract every contract limit has a corresponding PlanLimitsSchema field","status":"passed","title":"every contract limit has a corresponding PlanLimitsSchema field","duration":0.08712500000001455,"failureMessages":[],"meta":{}},{"ancestorTitles":["Config → UI Integration Contract"],"fullName":"Config → UI Integration Contract FeatureFlagsSchema has exactly contract.flags.count fields","status":"passed","title":"FeatureFlagsSchema has exactly contract.flags.count fields","duration":0.07616600000000062,"failureMessages":[],"meta":{}},{"ancestorTitles":["Config → UI Integration Contract"],"fullName":"Config → UI Integration Contract PlanLimitsSchema has exactly contract.limits.count fields","status":"passed","title":"PlanLimitsSchema has exactly contract.limits.count fields","duration":0.06312500000001364,"failureMessages":[],"meta":{}},{"ancestorTitles":["Config → UI Integration Contract"],"fullName":"Config → UI Integration Contract FeatureFlagsSchema parses all-true flags","status":"passed","title":"FeatureFlagsSchema parses all-true flags","duration":0.12329199999999219,"failureMessages":[],"meta":{}},{"ancestorTitles":["Config → UI Integration Contract"],"fullName":"Config → UI Integration Contract FeatureFlagsSchema parses all-false flags","status":"passed","title":"FeatureFlagsSchema parses all-false flags","duration":0.11195799999998712,"failureMessages":[],"meta":{}},{"ancestorTitles":["Config → UI Integration Contract"],"fullName":"Config → UI Integration Contract PlanLimitsSchema parses enterprise limits","status":"passed","title":"PlanLimitsSchema parses enterprise limits","duration":1.3024580000000014,"failureMessages":[],"meta":{}},{"ancestorTitles":["Config → UI Integration Contract"],"fullName":"Config → UI Integration Contract StoreConfig has essential fields","status":"passed","title":"StoreConfig has essential fields","duration":0.7743750000000205,"failureMessages":[],"meta":{}},{"ancestorTitles":["Config → UI Integration Contract"],"fullName":"Config → UI Integration Contract FALLBACK_CONFIG.featureFlags has same keys as contract","status":"passed","title":"FALLBACK_CONFIG.featureFlags has same keys as contract","duration":0.9505410000000154,"failureMessages":[],"meta":{}},{"ancestorTitles":["Config → UI Integration Contract"],"fullName":"Config → UI Integration Contract FALLBACK_CONFIG.planLimits has same keys as contract","status":"passed","title":"FALLBACK_CONFIG.planLimits has same keys as contract","duration":0.20429200000000947,"failureMessages":[],"meta":{}}],"startTime":1775307902475,"endTime":1775307902482.2043,"status":"passed","message":"","name":"/Users/webnorka/DESARROLLO/BOOTANDSTRAP/PLANTILLA+ADMIN/ecommerce-template/apps/storefront/src/lib/__tests__/config-ui-contract.test.ts"},{"assertionResults":[{"ancestorTitles":["Email Pipeline","EmailTemplate types"],"fullName":"Email Pipeline EmailTemplate types should include all required templates","status":"passed","title":"should include all required templates","duration":5.608542,"failureMessages":[],"meta":{}},{"ancestorTitles":["Email Pipeline","sendEmailForTenant"],"fullName":"Email Pipeline sendEmailForTenant should fall back to console when tenant has no email config","status":"passed","title":"should fall back to console when tenant has no email config","duration":2.2901250000000175,"failureMessages":[],"meta":{}},{"ancestorTitles":["Email Pipeline","getEmailProviderName"],"fullName":"Email Pipeline getEmailProviderName should return console as default provider","status":"passed","title":"should return console as default provider","duration":0.2442090000000121,"failureMessages":[],"meta":{}},{"ancestorTitles":["Email Pipeline","Medusa events API route contract"],"fullName":"Email Pipeline Medusa events API route contract should define the correct event types","status":"passed","title":"should define the correct event types","duration":0.3956670000000031,"failureMessages":[],"meta":{}},{"ancestorTitles":["Email Pipeline","Medusa events API route contract"],"fullName":"Email Pipeline Medusa events API route contract should require event_type and data fields","status":"passed","title":"should require event_type and data fields","duration":0.08212499999999068,"failureMessages":[],"meta":{}}],"startTime":1775307902442,"endTime":1775307902451.082,"status":"passed","message":"","name":"/Users/webnorka/DESARROLLO/BOOTANDSTRAP/PLANTILLA+ADMIN/ecommerce-template/apps/storefront/src/lib/__tests__/email-pipeline.test.ts"},{"assertionResults":[{"ancestorTitles":["Feature Gate Config","Panel-gated flags coverage"],"fullName":"Feature Gate Config Panel-gated flags coverage every panel-gated flag must have an entry in FEATURE_GATE_MAP","status":"passed","title":"every panel-gated flag must have an entry in FEATURE_GATE_MAP","duration":0.9666250000000076,"failureMessages":[],"meta":{}},{"ancestorTitles":["Feature Gate Config","Panel-gated flags coverage"],"fullName":"Feature Gate Config Panel-gated flags coverage every entry maps to a non-empty moduleKey","status":"passed","title":"every entry maps to a non-empty moduleKey","duration":0.46024999999998784,"failureMessages":[],"meta":{}},{"ancestorTitles":["Feature Gate Config","BSWEB slug coverage"],"fullName":"Feature Gate Config BSWEB slug coverage every entry has BSWEB slugs for all 5 supported locales","status":"passed","title":"every entry has BSWEB slugs for all 5 supported locales","duration":2.2891249999999985,"failureMessages":[],"meta":{}},{"ancestorTitles":["Feature Gate Config","BSWEB slug coverage"],"fullName":"Feature Gate Config BSWEB slug coverage no BSWEB slug is empty or whitespace","status":"passed","title":"no BSWEB slug is empty or whitespace","duration":1.3787499999999966,"failureMessages":[],"meta":{}},{"ancestorTitles":["Feature Gate Config","getModuleInfoUrl"],"fullName":"Feature Gate Config getModuleInfoUrl returns correct URL for known flag and locale","status":"passed","title":"returns correct URL for known flag and locale","duration":0.14074999999999704,"failureMessages":[],"meta":{}},{"ancestorTitles":["Feature Gate Config","getModuleInfoUrl"],"fullName":"Feature Gate Config getModuleInfoUrl falls back to /modulos for unknown flag","status":"passed","title":"falls back to /modulos for unknown flag","duration":0.04204200000000924,"failureMessages":[],"meta":{}},{"ancestorTitles":["Feature Gate Config","getModuleInfoUrl"],"fullName":"Feature Gate Config getModuleInfoUrl falls back to English slug when locale slug is missing","status":"passed","title":"falls back to English slug when locale slug is missing","duration":0.07358399999999676,"failureMessages":[],"meta":{}},{"ancestorTitles":["Feature Gate Config","i18n key integrity"],"fullName":"Feature Gate Config i18n key integrity every entry has a non-empty moduleNameKey","status":"passed","title":"every entry has a non-empty moduleNameKey","duration":0.5476250000000107,"failureMessages":[],"meta":{}},{"ancestorTitles":["Feature Gate Config","i18n key integrity"],"fullName":"Feature Gate Config i18n key integrity every entry has a non-empty icon","status":"passed","title":"every entry has a non-empty icon","duration":0.28545800000000554,"failureMessages":[],"meta":{}}],"startTime":1775307902477,"endTime":1775307902483.2854,"status":"passed","message":"","name":"/Users/webnorka/DESARROLLO/BOOTANDSTRAP/PLANTILLA+ADMIN/ecommerce-template/apps/storefront/src/lib/__tests__/feature-gate-config.test.ts"},{"assertionResults":[{"ancestorTitles":["feature-gate slug contract"],"fullName":"feature-gate slug contract contains the expected storefront slugs per locale","status":"passed","title":"contains the expected storefront slugs per locale","duration":1.479541999999995,"failureMessages":[],"meta":{}}],"startTime":1775307903430,"endTime":1775307903431.4795,"status":"passed","message":"","name":"/Users/webnorka/DESARROLLO/BOOTANDSTRAP/PLANTILLA+ADMIN/ecommerce-template/apps/storefront/src/lib/__tests__/feature-gate-slug-contract.test.ts"},{"assertionResults":[{"ancestorTitles":["isFeatureEnabled"],"fullName":"isFeatureEnabled returns true for enabled flags","status":"passed","title":"returns true for enabled flags","duration":0.5747499999999945,"failureMessages":[],"meta":{}},{"ancestorTitles":["isFeatureEnabled"],"fullName":"isFeatureEnabled returns false for disabled flags","status":"passed","title":"returns false for disabled flags","duration":0.11149999999999238,"failureMessages":[],"meta":{}},{"ancestorTitles":["isFeatureEnabled"],"fullName":"isFeatureEnabled checks all checkout-related flags correctly","status":"passed","title":"checks all checkout-related flags correctly","duration":0.08408400000000427,"failureMessages":[],"meta":{}},{"ancestorTitles":["isFeatureEnabled"],"fullName":"isFeatureEnabled checks auth flags","status":"passed","title":"checks auth flags","duration":0.06133400000000222,"failureMessages":[],"meta":{}},{"ancestorTitles":["isFeatureEnabled"],"fullName":"isFeatureEnabled handles all flags without throwing","status":"passed","title":"handles all flags without throwing","duration":2.5216250000000002,"failureMessages":[],"meta":{}}],"startTime":1775307903036,"endTime":1775307903039.5217,"status":"passed","message":"","name":"/Users/webnorka/DESARROLLO/BOOTANDSTRAP/PLANTILLA+ADMIN/ecommerce-template/apps/storefront/src/lib/__tests__/features.test.ts"},{"assertionResults":[{"ancestorTitles":["flag enforcement coverage"],"fullName":"flag enforcement coverage \"enable_promotions\" has server-side enforcement","status":"passed","title":"\"enable_promotions\" has server-side enforcement","duration":713.461792,"failureMessages":[],"meta":{}},{"ancestorTitles":["flag enforcement coverage"],"fullName":"flag enforcement coverage \"enable_wishlist\" has server-side enforcement","status":"passed","title":"\"enable_wishlist\" has server-side enforcement","duration":729.336375,"failureMessages":[],"meta":{}},{"ancestorTitles":["flag enforcement coverage"],"fullName":"flag enforcement coverage \"enable_reviews\" has server-side enforcement","status":"passed","title":"\"enable_reviews\" has server-side enforcement","duration":561.1207919999999,"failureMessages":[],"meta":{}},{"ancestorTitles":["flag enforcement coverage"],"fullName":"flag enforcement coverage \"enable_carousel\" has server-side enforcement","status":"passed","title":"\"enable_carousel\" has server-side enforcement","duration":514.078583,"failureMessages":[],"meta":{}},{"ancestorTitles":["flag enforcement coverage"],"fullName":"flag enforcement coverage \"enable_cms_pages\" has server-side enforcement","status":"passed","title":"\"enable_cms_pages\" has server-side enforcement","duration":519.6216250000002,"failureMessages":[],"meta":{}},{"ancestorTitles":["flag enforcement coverage"],"fullName":"flag enforcement coverage \"enable_analytics\" has server-side enforcement","status":"passed","title":"\"enable_analytics\" has server-side enforcement","duration":509.4662909999997,"failureMessages":[],"meta":{}},{"ancestorTitles":["flag enforcement coverage"],"fullName":"flag enforcement coverage \"enable_newsletter\" has server-side enforcement","status":"passed","title":"\"enable_newsletter\" has server-side enforcement","duration":501.76704199999995,"failureMessages":[],"meta":{}},{"ancestorTitles":["flag enforcement coverage"],"fullName":"flag enforcement coverage \"enable_self_service_returns\" has server-side enforcement","status":"passed","title":"\"enable_self_service_returns\" has server-side enforcement","duration":499.71495799999957,"failureMessages":[],"meta":{}},{"ancestorTitles":["flag enforcement coverage"],"fullName":"flag enforcement coverage \"enable_chatbot\" has server-side enforcement","status":"passed","title":"\"enable_chatbot\" has server-side enforcement","duration":522.6243340000001,"failureMessages":[],"meta":{}},{"ancestorTitles":["flag enforcement coverage"],"fullName":"flag enforcement coverage \"enable_multi_language\" has server-side enforcement","status":"passed","title":"\"enable_multi_language\" has server-side enforcement","duration":512.1108750000003,"failureMessages":[],"meta":{}},{"ancestorTitles":["flag enforcement coverage"],"fullName":"flag enforcement coverage \"enable_multi_currency\" has server-side enforcement","status":"passed","title":"\"enable_multi_currency\" has server-side enforcement","duration":528.0727909999996,"failureMessages":[],"meta":{}},{"ancestorTitles":["flag enforcement coverage"],"fullName":"flag enforcement coverage \"enable_product_comparisons\" has server-side enforcement","status":"passed","title":"\"enable_product_comparisons\" has server-side enforcement","duration":504.75133300000016,"failureMessages":[],"meta":{}},{"ancestorTitles":["flag enforcement coverage"],"fullName":"flag enforcement coverage \"enable_product_badges\" has server-side enforcement","status":"passed","title":"\"enable_product_badges\" has server-side enforcement","duration":512.7567079999999,"failureMessages":[],"meta":{}},{"ancestorTitles":["flag enforcement coverage"],"fullName":"flag enforcement coverage \"enable_online_payments\" has server-side enforcement","status":"passed","title":"\"enable_online_payments\" has server-side enforcement","duration":508.7911669999994,"failureMessages":[],"meta":{}},{"ancestorTitles":["flag enforcement coverage"],"fullName":"flag enforcement coverage \"enable_whatsapp_checkout\" has server-side enforcement","status":"passed","title":"\"enable_whatsapp_checkout\" has server-side enforcement","duration":501.6321249999992,"failureMessages":[],"meta":{}},{"ancestorTitles":["flag enforcement coverage"],"fullName":"flag enforcement coverage \"enable_cash_on_delivery\" has server-side enforcement","status":"passed","title":"\"enable_cash_on_delivery\" has server-side enforcement","duration":512.8572920000006,"failureMessages":[],"meta":{}},{"ancestorTitles":["flag enforcement coverage"],"fullName":"flag enforcement coverage \"enable_bank_transfer\" has server-side enforcement","status":"passed","title":"\"enable_bank_transfer\" has server-side enforcement","duration":513.514083,"failureMessages":[],"meta":{}},{"ancestorTitles":["flag enforcement coverage"],"fullName":"flag enforcement coverage \"enable_pos\" has server-side enforcement","status":"passed","title":"\"enable_pos\" has server-side enforcement","duration":510.91925000000083,"failureMessages":[],"meta":{}},{"ancestorTitles":["flag enforcement coverage"],"fullName":"flag enforcement coverage \"enable_traffic_expansion\" has server-side enforcement","status":"passed","title":"\"enable_traffic_expansion\" has server-side enforcement","duration":503.1867920000004,"failureMessages":[],"meta":{}},{"ancestorTitles":["flag enforcement coverage"],"fullName":"flag enforcement coverage \"enable_crm\" has server-side enforcement","status":"passed","title":"\"enable_crm\" has server-side enforcement","duration":502.51437500000065,"failureMessages":[],"meta":{}},{"ancestorTitles":["flag enforcement coverage"],"fullName":"flag enforcement coverage \"enable_email_notifications\" has server-side enforcement","status":"passed","title":"\"enable_email_notifications\" has server-side enforcement","duration":503.4974999999995,"failureMessages":[],"meta":{}},{"ancestorTitles":["flag enforcement coverage"],"fullName":"flag enforcement coverage \"enable_email_campaigns\" has server-side enforcement","status":"passed","title":"\"enable_email_campaigns\" has server-side enforcement","duration":522.6757089999992,"failureMessages":[],"meta":{}},{"ancestorTitles":["flag enforcement coverage"],"fullName":"flag enforcement coverage \"enable_social_links\" has server-side enforcement","status":"passed","title":"\"enable_social_links\" has server-side enforcement","duration":534.176207999999,"failureMessages":[],"meta":{}},{"ancestorTitles":["flag enforcement coverage"],"fullName":"flag enforcement coverage \"enable_admin_api\" has server-side enforcement","status":"passed","title":"\"enable_admin_api\" has server-side enforcement","duration":506.6319169999988,"failureMessages":[],"meta":{}},{"ancestorTitles":["flag enforcement coverage"],"fullName":"flag enforcement coverage \"enable_customer_accounts\" has server-side enforcement","status":"passed","title":"\"enable_customer_accounts\" has server-side enforcement","duration":520.983459000001,"failureMessages":[],"meta":{}},{"ancestorTitles":["flag enforcement coverage"],"fullName":"flag enforcement coverage PolicyError and LimitError are exported from policy-engine","status":"passed","title":"PolicyError and LimitError are exported from policy-engine","duration":87.51154200000019,"failureMessages":[],"meta":{}}],"startTime":1775307901778,"endTime":1775307915138.5115,"status":"passed","message":"","name":"/Users/webnorka/DESARROLLO/BOOTANDSTRAP/PLANTILLA+ADMIN/ecommerce-template/apps/storefront/src/lib/__tests__/flag-enforcement-coverage.test.ts"},{"assertionResults":[{"ancestorTitles":["TTL Cache — Enterprise Behavior","miss"],"fullName":"TTL Cache — Enterprise Behavior miss returns null when cache is empty","status":"passed","title":"returns null when cache is empty","duration":1.2878340000000037,"failureMessages":[],"meta":{}},{"ancestorTitles":["TTL Cache — Enterprise Behavior","miss"],"fullName":"TTL Cache — Enterprise Behavior miss returns null after explicit clear","status":"passed","title":"returns null after explicit clear","duration":0.3690419999999932,"failureMessages":[],"meta":{}},{"ancestorTitles":["TTL Cache — Enterprise Behavior","hit"],"fullName":"TTL Cache — Enterprise Behavior hit returns stored config within TTL window","status":"passed","title":"returns stored config within TTL window","duration":1.139250000000004,"failureMessages":[],"meta":{}},{"ancestorTitles":["TTL Cache — Enterprise Behavior","hit"],"fullName":"TTL Cache — Enterprise Behavior hit returns config at TTL boundary minus 1ms","status":"passed","title":"returns config at TTL boundary minus 1ms","duration":0.4448329999999885,"failureMessages":[],"meta":{}},{"ancestorTitles":["TTL Cache — Enterprise Behavior","expiry"],"fullName":"TTL Cache — Enterprise Behavior expiry returns null after TTL expires","status":"passed","title":"returns null after TTL expires","duration":0.14129200000000708,"failureMessages":[],"meta":{}},{"ancestorTitles":["TTL Cache — Enterprise Behavior","expiry"],"fullName":"TTL Cache — Enterprise Behavior expiry returns null at exactly TTL boundary","status":"passed","title":"returns null at exactly TTL boundary","duration":0.1288330000000002,"failureMessages":[],"meta":{}},{"ancestorTitles":["TTL Cache — Enterprise Behavior","expiry"],"fullName":"TTL Cache — Enterprise Behavior expiry returns null long after TTL (no stale data)","status":"passed","title":"returns null long after TTL (no stale data)","duration":0.15050000000000807,"failureMessages":[],"meta":{}},{"ancestorTitles":["TTL Cache — Enterprise Behavior","overwrite"],"fullName":"TTL Cache — Enterprise Behavior overwrite overwrites previous value with new config","status":"passed","title":"overwrites previous value with new config","duration":0.11120900000000233,"failureMessages":[],"meta":{}},{"ancestorTitles":["TTL Cache — Enterprise Behavior","overwrite"],"fullName":"TTL Cache — Enterprise Behavior overwrite overwrite resets TTL (extends cache life)","status":"passed","title":"overwrite resets TTL (extends cache life)","duration":0.12258300000000588,"failureMessages":[],"meta":{}},{"ancestorTitles":["TTL Cache — Enterprise Behavior","TTL constant"],"fullName":"TTL Cache — Enterprise Behavior TTL constant TTL is exactly 5 minutes (300000ms)","status":"passed","title":"TTL is exactly 5 minutes (300000ms)","duration":0.12529200000000174,"failureMessages":[],"meta":{}}],"startTime":1775307902928,"endTime":1775307902932.1504,"status":"passed","message":"","name":"/Users/webnorka/DESARROLLO/BOOTANDSTRAP/PLANTILLA+ADMIN/ecommerce-template/apps/storefront/src/lib/__tests__/governance-cache.test.ts"},{"assertionResults":[{"ancestorTitles":["Circuit Breaker — Enterprise State Machine","CLOSED state (default)"],"fullName":"Circuit Breaker — Enterprise State Machine CLOSED state (default) allows fetch when no failures recorded","status":"passed","title":"allows fetch when no failures recorded","duration":1.212541999999985,"failureMessages":[],"meta":{}},{"ancestorTitles":["Circuit Breaker — Enterprise State Machine","CLOSED state (default)"],"fullName":"Circuit Breaker — Enterprise State Machine CLOSED state (default) allows fetch after 1 failure (below threshold)","status":"passed","title":"allows fetch after 1 failure (below threshold)","duration":0.18625000000000114,"failureMessages":[],"meta":{}},{"ancestorTitles":["Circuit Breaker — Enterprise State Machine","CLOSED state (default)"],"fullName":"Circuit Breaker — Enterprise State Machine CLOSED state (default) allows fetch after 2 failures (still below threshold)","status":"passed","title":"allows fetch after 2 failures (still below threshold)","duration":0.13512499999998795,"failureMessages":[],"meta":{}},{"ancestorTitles":["Circuit Breaker — Enterprise State Machine","CLOSED → OPEN transition"],"fullName":"Circuit Breaker — Enterprise State Machine CLOSED → OPEN transition opens after exactly 3 consecutive failures (threshold)","status":"passed","title":"opens after exactly 3 consecutive failures (threshold)","duration":0.11512500000000614,"failureMessages":[],"meta":{}},{"ancestorTitles":["Circuit Breaker — Enterprise State Machine","CLOSED → OPEN transition"],"fullName":"Circuit Breaker — Enterprise State Machine CLOSED → OPEN transition stays open with additional failures beyond threshold","status":"passed","title":"stays open with additional failures beyond threshold","duration":0.10925000000000296,"failureMessages":[],"meta":{}},{"ancestorTitles":["Circuit Breaker — Enterprise State Machine","OPEN state"],"fullName":"Circuit Breaker — Enterprise State Machine OPEN state blocks fetch during window","status":"passed","title":"blocks fetch during window","duration":0.24737500000000523,"failureMessages":[],"meta":{}},{"ancestorTitles":["Circuit Breaker — Enterprise State Machine","OPEN state"],"fullName":"Circuit Breaker — Enterprise State Machine OPEN state blocks fetch at exactly window boundary","status":"passed","title":"blocks fetch at exactly window boundary","duration":0.09487500000000182,"failureMessages":[],"meta":{}},{"ancestorTitles":["Circuit Breaker — Enterprise State Machine","OPEN → HALF-OPEN transition"],"fullName":"Circuit Breaker — Enterprise State Machine OPEN → HALF-OPEN transition transitions to half-open after window expires (allows 1 probe)","status":"passed","title":"transitions to half-open after window expires (allows 1 probe)","duration":0.08937499999998977,"failureMessages":[],"meta":{}},{"ancestorTitles":["Circuit Breaker — Enterprise State Machine","OPEN → HALF-OPEN transition"],"fullName":"Circuit Breaker — Enterprise State Machine OPEN → HALF-OPEN transition subsequent half-open calls also pass (state persists until result)","status":"passed","title":"subsequent half-open calls also pass (state persists until result)","duration":0.09933399999999892,"failureMessages":[],"meta":{}},{"ancestorTitles":["Circuit Breaker — Enterprise State Machine","HALF-OPEN → CLOSED (on success)"],"fullName":"Circuit Breaker — Enterprise State Machine HALF-OPEN → CLOSED (on success) fully closes circuit after successful probe","status":"passed","title":"fully closes circuit after successful probe","duration":0.1665830000000028,"failureMessages":[],"meta":{}},{"ancestorTitles":["Circuit Breaker — Enterprise State Machine","HALF-OPEN → OPEN (on failure)"],"fullName":"Circuit Breaker — Enterprise State Machine HALF-OPEN → OPEN (on failure) re-opens circuit if probe fails","status":"passed","title":"re-opens circuit if probe fails","duration":0.08708400000000438,"failureMessages":[],"meta":{}},{"ancestorTitles":["Circuit Breaker — Enterprise State Machine","reset"],"fullName":"Circuit Breaker — Enterprise State Machine reset clears all state back to closed","status":"passed","title":"clears all state back to closed","duration":0.08191599999997834,"failureMessages":[],"meta":{}},{"ancestorTitles":["Circuit Breaker — Enterprise State Machine","reset"],"fullName":"Circuit Breaker — Enterprise State Machine reset allows fresh failure counting after reset","status":"passed","title":"allows fresh failure counting after reset","duration":0.0726669999999956,"failureMessages":[],"meta":{}},{"ancestorTitles":["Circuit Breaker — Enterprise State Machine","interleaved operations"],"fullName":"Circuit Breaker — Enterprise State Machine interleaved operations success resets failure count (prevents unnecessary trips)","status":"passed","title":"success resets failure count (prevents unnecessary trips)","duration":0.08362499999998363,"failureMessages":[],"meta":{}}],"startTime":1775307902787,"endTime":1775307902790.1665,"status":"passed","message":"","name":"/Users/webnorka/DESARROLLO/BOOTANDSTRAP/PLANTILLA+ADMIN/ecommerce-template/apps/storefront/src/lib/__tests__/governance-circuit-breaker.test.ts"},{"assertionResults":[{"ancestorTitles":["Config Business Logic — Enterprise Edge Cases","plan expiry"],"fullName":"Config Business Logic — Enterprise Edge Cases plan expiry sets planExpired=true when plan_expires_at is in the past","status":"passed","title":"sets planExpired=true when plan_expires_at is in the past","duration":109.83683299999998,"failureMessages":[],"meta":{}},{"ancestorTitles":["Config Business Logic — Enterprise Edge Cases","plan expiry"],"fullName":"Config Business Logic — Enterprise Edge Cases plan expiry sets planExpired=false when plan_expires_at is in the future","status":"passed","title":"sets planExpired=false when plan_expires_at is in the future","duration":1.378582999999992,"failureMessages":[],"meta":{}},{"ancestorTitles":["Config Business Logic — Enterprise Edge Cases","plan expiry"],"fullName":"Config Business Logic — Enterprise Edge Cases plan expiry sets planExpired=false when plan_expires_at is null (no expiry)","status":"passed","title":"sets planExpired=false when plan_expires_at is null (no expiry)","duration":0.9005420000000015,"failureMessages":[],"meta":{}},{"ancestorTitles":["Config Business Logic — Enterprise Edge Cases","maintenance_free auto-enforcement"],"fullName":"Config Business Logic — Enterprise Edge Cases maintenance_free auto-enforcement converts maintenance_free + expired plan → paused status","status":"passed","title":"converts maintenance_free + expired plan → paused status","duration":3.2670420000000036,"failureMessages":[],"meta":{}},{"ancestorTitles":["Config Business Logic — Enterprise Edge Cases","maintenance_free auto-enforcement"],"fullName":"Config Business Logic — Enterprise Edge Cases maintenance_free auto-enforcement keeps maintenance_free when plan NOT expired","status":"passed","title":"keeps maintenance_free when plan NOT expired","duration":0.9552919999999858,"failureMessages":[],"meta":{}},{"ancestorTitles":["Config Business Logic — Enterprise Edge Cases","maintenance_free auto-enforcement"],"fullName":"Config Business Logic — Enterprise Edge Cases maintenance_free auto-enforcement calculates maintenanceDaysRemaining for maintenance_free tenants","status":"passed","title":"calculates maintenanceDaysRemaining for maintenance_free tenants","duration":1.54362500000002,"failureMessages":[],"meta":{}},{"ancestorTitles":["Config Business Logic — Enterprise Edge Cases","build phase"],"fullName":"Config Business Logic — Enterprise Edge Cases build phase returns FALLBACK_CONFIG during Next.js build phase","status":"passed","title":"returns FALLBACK_CONFIG during Next.js build phase","duration":2.0197919999999954,"failureMessages":[],"meta":{}},{"ancestorTitles":["Config Business Logic — Enterprise Edge Cases","getConfigForTenant"],"fullName":"Config Business Logic — Enterprise Edge Cases getConfigForTenant throws on empty tenantId","status":"passed","title":"throws on empty tenantId","duration":1.664416000000017,"failureMessages":[],"meta":{}},{"ancestorTitles":["Config Business Logic — Enterprise Edge Cases","getConfigForTenant"],"fullName":"Config Business Logic — Enterprise Edge Cases getConfigForTenant returns result for valid tenantId","status":"passed","title":"returns result for valid tenantId","duration":4.7466249999999945,"failureMessages":[],"meta":{}},{"ancestorTitles":["Config Business Logic — Enterprise Edge Cases","getConfigForTenant"],"fullName":"Config Business Logic — Enterprise Edge Cases getConfigForTenant returns FALLBACK_CONFIG on fetch error","status":"passed","title":"returns FALLBACK_CONFIG on fetch error","duration":31.129916999999978,"failureMessages":[],"meta":{}},{"ancestorTitles":["Config Business Logic — Enterprise Edge Cases","flag merging"],"fullName":"Config Business Logic — Enterprise Edge Cases flag merging merges partial flags from DB with FALLBACK_CONFIG defaults","status":"passed","title":"merges partial flags from DB with FALLBACK_CONFIG defaults","duration":3.2717499999999973,"failureMessages":[],"meta":{}},{"ancestorTitles":["Config Business Logic — Enterprise Edge Cases","_degraded marker"],"fullName":"Config Business Logic — Enterprise Edge Cases _degraded marker successful fetch sets _degraded=false","status":"passed","title":"successful fetch sets _degraded=false","duration":3.7614170000000513,"failureMessages":[],"meta":{}},{"ancestorTitles":["Config Business Logic — Enterprise Edge Cases","_degraded marker"],"fullName":"Config Business Logic — Enterprise Edge Cases _degraded marker FALLBACK_CONFIG always has _degraded=true","status":"passed","title":"FALLBACK_CONFIG always has _degraded=true","duration":1.4412499999999682,"failureMessages":[],"meta":{}}],"startTime":1775307901983,"endTime":1775307902149.4412,"status":"passed","message":"","name":"/Users/webnorka/DESARROLLO/BOOTANDSTRAP/PLANTILLA+ADMIN/ecommerce-template/apps/storefront/src/lib/__tests__/governance-config-edge-cases.test.ts"},{"assertionResults":[{"ancestorTitles":["Governance Contract Alignment"],"fullName":"Governance Contract Alignment inline FALLBACK_CONFIG validates against AppConfigSchema","status":"passed","title":"inline FALLBACK_CONFIG validates against AppConfigSchema","duration":1.969583,"failureMessages":[],"meta":{}},{"ancestorTitles":["Governance Contract Alignment"],"fullName":"Governance Contract Alignment inline FeatureFlags matches contract count","status":"passed","title":"inline FeatureFlags matches contract count","duration":0.36591699999996763,"failureMessages":[],"meta":{}},{"ancestorTitles":["Governance Contract Alignment"],"fullName":"Governance Contract Alignment inline PlanLimits matches contract count","status":"passed","title":"inline PlanLimits matches contract count","duration":0.09512499999999591,"failureMessages":[],"meta":{}},{"ancestorTitles":["Governance Contract Alignment"],"fullName":"Governance Contract Alignment inline StoreConfig has expected fields","status":"failed","title":"inline StoreConfig has expected fields","duration":3.3247499999999945,"failureMessages":["AssertionError: expected [ 'id', 'tenant_id', …(86) ] to have a length of 58 but got 88\n    at Proxy.<anonymous> (file:///Users/webnorka/DESARROLLO/BOOTANDSTRAP/PLANTILLA+ADMIN/ecommerce-template/node_modules/.pnpm/@vitest+expect@4.0.18/node_modules/@vitest/expect/dist/index.js:1322:20)\n    at Proxy.<anonymous> (file:///Users/webnorka/DESARROLLO/BOOTANDSTRAP/PLANTILLA+ADMIN/ecommerce-template/node_modules/.pnpm/@vitest+expect@4.0.18/node_modules/@vitest/expect/dist/index.js:1090:14)\n    at Proxy.methodWrapper (file:///Users/webnorka/DESARROLLO/BOOTANDSTRAP/PLANTILLA+ADMIN/ecommerce-template/node_modules/.pnpm/chai@6.2.2/node_modules/chai/index.js:1700:25)\n    at /Users/webnorka/DESARROLLO/BOOTANDSTRAP/PLANTILLA+ADMIN/ecommerce-template/apps/storefront/src/lib/__tests__/governance-contract-alignment.test.ts:42:54\n    at file:///Users/webnorka/DESARROLLO/BOOTANDSTRAP/PLANTILLA+ADMIN/ecommerce-template/node_modules/.pnpm/@vitest+runner@4.0.18/node_modules/@vitest/runner/dist/index.js:145:11\n    at file:///Users/webnorka/DESARROLLO/BOOTANDSTRAP/PLANTILLA+ADMIN/ecommerce-template/node_modules/.pnpm/@vitest+runner@4.0.18/node_modules/@vitest/runner/dist/index.js:915:26\n    at file:///Users/webnorka/DESARROLLO/BOOTANDSTRAP/PLANTILLA+ADMIN/ecommerce-template/node_modules/.pnpm/@vitest+runner@4.0.18/node_modules/@vitest/runner/dist/index.js:1243:20\n    at new Promise (<anonymous>)\n    at runWithTimeout (file:///Users/webnorka/DESARROLLO/BOOTANDSTRAP/PLANTILLA+ADMIN/ecommerce-template/node_modules/.pnpm/@vitest+runner@4.0.18/node_modules/@vitest/runner/dist/index.js:1209:10)\n    at file:///Users/webnorka/DESARROLLO/BOOTANDSTRAP/PLANTILLA+ADMIN/ecommerce-template/node_modules/.pnpm/@vitest+runner@4.0.18/node_modules/@vitest/runner/dist/index.js:1653:37"],"meta":{}},{"ancestorTitles":["Governance Contract Alignment"],"fullName":"Governance Contract Alignment inline TenantStatus has exactly 4 values","status":"passed","title":"inline TenantStatus has exactly 4 values","duration":0.18212500000004184,"failureMessages":[],"meta":{}},{"ancestorTitles":["Governance Contract Alignment"],"fullName":"Governance Contract Alignment inline fallback is degraded with maintenance_mode only","status":"passed","title":"inline fallback is degraded with maintenance_mode only","duration":0.6188329999999951,"failureMessages":[],"meta":{}},{"ancestorTitles":["Governance Contract Alignment"],"fullName":"Governance Contract Alignment inline schemas.ts content matches shared package (monorepo only)","status":"passed","title":"inline schemas.ts content matches shared package (monorepo only)","duration":0.4309579999999755,"failureMessages":[],"meta":{}},{"ancestorTitles":["Governance Contract Alignment"],"fullName":"Governance Contract Alignment inline defaults.ts produces same FALLBACK_CONFIG as shared package (monorepo only)","status":"passed","title":"inline defaults.ts produces same FALLBACK_CONFIG as shared package (monorepo only)","duration":33.40720900000002,"failureMessages":[],"meta":{}}],"startTime":1775307901850,"endTime":1775307901891.4072,"status":"failed","message":"","name":"/Users/webnorka/DESARROLLO/BOOTANDSTRAP/PLANTILLA+ADMIN/ecommerce-template/apps/storefront/src/lib/__tests__/governance-contract-alignment.test.ts"},{"assertionResults":[{"ancestorTitles":["Security Posture — Enterprise Invariants","FALLBACK_CONFIG invariants"],"fullName":"Security Posture — Enterprise Invariants FALLBACK_CONFIG invariants is structurally valid against AppConfigSchema","status":"passed","title":"is structurally valid against AppConfigSchema","duration":3.3587500000000006,"failureMessages":[],"meta":{}},{"ancestorTitles":["Security Posture — Enterprise Invariants","FALLBACK_CONFIG invariants"],"fullName":"Security Posture — Enterprise Invariants FALLBACK_CONFIG invariants has _degraded=true (always identifies as degraded)","status":"passed","title":"has _degraded=true (always identifies as degraded)","duration":0.14158299999999713,"failureMessages":[],"meta":{}},{"ancestorTitles":["Security Posture — Enterprise Invariants","FALLBACK_CONFIG invariants"],"fullName":"Security Posture — Enterprise Invariants FALLBACK_CONFIG invariants maintenance_mode is the ONLY true flag","status":"passed","title":"maintenance_mode is the ONLY true flag","duration":0.29812499999999886,"failureMessages":[],"meta":{}},{"ancestorTitles":["Security Posture — Enterprise Invariants","FALLBACK_CONFIG invariants"],"fullName":"Security Posture — Enterprise Invariants FALLBACK_CONFIG invariants all non-maintenance flags are false (contract-derived)","status":"passed","title":"all non-maintenance flags are false (contract-derived)","duration":0.37912500000000193,"failureMessages":[],"meta":{}},{"ancestorTitles":["Security Posture — Enterprise Invariants","FALLBACK_CONFIG invariants"],"fullName":"Security Posture — Enterprise Invariants FALLBACK_CONFIG invariants all numeric plan limits are zero (no free access)","status":"passed","title":"all numeric plan limits are zero (no free access)","duration":0.29870900000000233,"failureMessages":[],"meta":{}},{"ancestorTitles":["Security Posture — Enterprise Invariants","FALLBACK_CONFIG invariants"],"fullName":"Security Posture — Enterprise Invariants FALLBACK_CONFIG invariants max_languages and max_currencies are 1 (minimum viable)","status":"passed","title":"max_languages and max_currencies are 1 (minimum viable)","duration":0.05620899999999551,"failureMessages":[],"meta":{}},{"ancestorTitles":["Security Posture — Enterprise Invariants","FALLBACK_CONFIG invariants"],"fullName":"Security Posture — Enterprise Invariants FALLBACK_CONFIG invariants plan_name is \"degraded\" (not a real plan)","status":"passed","title":"plan_name is \"degraded\" (not a real plan)","duration":0.04320799999999281,"failureMessages":[],"meta":{}},{"ancestorTitles":["Security Posture — Enterprise Invariants","FALLBACK_CONFIG invariants"],"fullName":"Security Posture — Enterprise Invariants FALLBACK_CONFIG invariants planExpired is false (never treat fallback as expired)","status":"passed","title":"planExpired is false (never treat fallback as expired)","duration":0.05212499999998954,"failureMessages":[],"meta":{}},{"ancestorTitles":["Security Posture — Enterprise Invariants","FALLBACK_CONFIG invariants"],"fullName":"Security Posture — Enterprise Invariants FALLBACK_CONFIG invariants tenantStatus is \"active\" (not suspended)","status":"passed","title":"tenantStatus is \"active\" (not suspended)","duration":0.04879200000000594,"failureMessages":[],"meta":{}},{"ancestorTitles":["Security Posture — Enterprise Invariants","FALLBACK_CONFIG invariants"],"fullName":"Security Posture — Enterprise Invariants FALLBACK_CONFIG invariants ecommerce is disabled in fallback (no unpaid sales)","status":"passed","title":"ecommerce is disabled in fallback (no unpaid sales)","duration":0.05258299999999849,"failureMessages":[],"meta":{}},{"ancestorTitles":["Security Posture — Enterprise Invariants","FALLBACK_CONFIG invariants"],"fullName":"Security Posture — Enterprise Invariants FALLBACK_CONFIG invariants owner panel is disabled in fallback","status":"passed","title":"owner panel is disabled in fallback","duration":0.03308300000000486,"failureMessages":[],"meta":{}},{"ancestorTitles":["Security Posture — Enterprise Invariants","FALLBACK_CONFIG invariants"],"fullName":"Security Posture — Enterprise Invariants FALLBACK_CONFIG invariants all payment methods disabled in fallback","status":"passed","title":"all payment methods disabled in fallback","duration":0.05116599999999494,"failureMessages":[],"meta":{}},{"ancestorTitles":["Security Posture — Enterprise Invariants","schema field count guards (prevent accidental additions/removals)"],"fullName":"Security Posture — Enterprise Invariants schema field count guards (prevent accidental additions/removals) FeatureFlags matches contract count","status":"passed","title":"FeatureFlags matches contract count","duration":0.08320799999999906,"failureMessages":[],"meta":{}},{"ancestorTitles":["Security Posture — Enterprise Invariants","schema field count guards (prevent accidental additions/removals)"],"fullName":"Security Posture — Enterprise Invariants schema field count guards (prevent accidental additions/removals) PlanLimits matches contract count","status":"passed","title":"PlanLimits matches contract count","duration":0.05804200000000037,"failureMessages":[],"meta":{}},{"ancestorTitles":["Security Posture — Enterprise Invariants","schema field count guards (prevent accidental additions/removals)"],"fullName":"Security Posture — Enterprise Invariants schema field count guards (prevent accidental additions/removals) FALLBACK_CONFIG flags count matches schema","status":"passed","title":"FALLBACK_CONFIG flags count matches schema","duration":0.028541000000004146,"failureMessages":[],"meta":{}},{"ancestorTitles":["Security Posture — Enterprise Invariants","schema field count guards (prevent accidental additions/removals)"],"fullName":"Security Posture — Enterprise Invariants schema field count guards (prevent accidental additions/removals) FALLBACK_CONFIG limits count matches schema","status":"passed","title":"FALLBACK_CONFIG limits count matches schema","duration":0.025000000000005684,"failureMessages":[],"meta":{}},{"ancestorTitles":["Security Posture — Enterprise Invariants","tenant isolation"],"fullName":"Security Posture — Enterprise Invariants tenant isolation build phase returns placeholder (never real tenant data)","status":"passed","title":"build phase returns placeholder (never real tenant data)","duration":1.4340409999999935,"failureMessages":[],"meta":{}},{"ancestorTitles":["Security Posture — Enterprise Invariants","tenant isolation"],"fullName":"Security Posture — Enterprise Invariants tenant isolation production without TENANT_ID throws (never silently default)","status":"passed","title":"production without TENANT_ID throws (never silently default)","duration":0.21308299999999747,"failureMessages":[],"meta":{}},{"ancestorTitles":["Security Posture — Enterprise Invariants","tenant isolation"],"fullName":"Security Posture — Enterprise Invariants tenant isolation NEXT_PUBLIC_TENANT_ID is NEVER used (client-visible env = insecure)","status":"passed","title":"NEXT_PUBLIC_TENANT_ID is NEVER used (client-visible env = insecure)","duration":0.5504999999999995,"failureMessages":[],"meta":{}},{"ancestorTitles":["Security Posture — Enterprise Invariants","reportDegradedMode"],"fullName":"Security Posture — Enterprise Invariants reportDegradedMode emits structured JSON log with all required APM fields","status":"passed","title":"emits structured JSON log with all required APM fields","duration":2.105374999999995,"failureMessages":[],"meta":{}},{"ancestorTitles":["Security Posture — Enterprise Invariants","reportDegradedMode"],"fullName":"Security Posture — Enterprise Invariants reportDegradedMode timestamp is ISO-8601 format","status":"passed","title":"timestamp is ISO-8601 format","duration":0.4385000000000048,"failureMessages":[],"meta":{}},{"ancestorTitles":["Security Posture — Enterprise Invariants","reportDegradedMode"],"fullName":"Security Posture — Enterprise Invariants reportDegradedMode does not throw when Supabase URL is missing (fire-and-forget)","status":"passed","title":"does not throw when Supabase URL is missing (fire-and-forget)","duration":0.20895799999999554,"failureMessages":[],"meta":{}},{"ancestorTitles":["Security Posture — Enterprise Invariants","reportDegradedMode"],"fullName":"Security Posture — Enterprise Invariants reportDegradedMode does not throw when service role key is missing","status":"passed","title":"does not throw when service role key is missing","duration":0.1115000000000066,"failureMessages":[],"meta":{}}],"startTime":1775307902348,"endTime":1775307902359.1116,"status":"passed","message":"","name":"/Users/webnorka/DESARROLLO/BOOTANDSTRAP/PLANTILLA+ADMIN/ecommerce-template/apps/storefront/src/lib/__tests__/governance-security-posture.test.ts"},{"assertionResults":[{"ancestorTitles":["Governance Seeder Contract"],"fullName":"Governance Seeder Contract seeder references all contract flags","status":"passed","title":"seeder references all contract flags","duration":1.3051670000000115,"failureMessages":[],"meta":{}},{"ancestorTitles":["Governance Seeder Contract"],"fullName":"Governance Seeder Contract seeder references all contract limits","status":"passed","title":"seeder references all contract limits","duration":0.13070899999999597,"failureMessages":[],"meta":{}},{"ancestorTitles":["Governance Seeder Contract"],"fullName":"Governance Seeder Contract seeder uses contract.flags.keys for dynamic flag generation","status":"passed","title":"seeder uses contract.flags.keys for dynamic flag generation","duration":0.09516600000000608,"failureMessages":[],"meta":{}},{"ancestorTitles":["Governance Seeder Contract"],"fullName":"Governance Seeder Contract seeder uses contract.limits.keys for dynamic limit generation","status":"passed","title":"seeder uses contract.limits.keys for dynamic limit generation","duration":0.05129100000000619,"failureMessages":[],"meta":{}},{"ancestorTitles":["Governance Seeder Contract"],"fullName":"Governance Seeder Contract seeder sets enable_maintenance_mode to false","status":"passed","title":"seeder sets enable_maintenance_mode to false","duration":0.12095799999998746,"failureMessages":[],"meta":{}},{"ancestorTitles":["Governance Seeder Contract"],"fullName":"Governance Seeder Contract seeder has fresh-produce template profile","status":"passed","title":"seeder has fresh-produce template profile","duration":0.03725000000000023,"failureMessages":[],"meta":{}},{"ancestorTitles":["Governance Seeder Contract"],"fullName":"Governance Seeder Contract seeder has fashion template profile","status":"passed","title":"seeder has fashion template profile","duration":0.04058299999999804,"failureMessages":[],"meta":{}},{"ancestorTitles":["Governance Seeder Contract"],"fullName":"Governance Seeder Contract seeder has restaurant template profile","status":"passed","title":"seeder has restaurant template profile","duration":0.04354200000000219,"failureMessages":[],"meta":{}},{"ancestorTitles":["Governance Seeder Contract"],"fullName":"Governance Seeder Contract seeder calls provision_tenant RPC","status":"passed","title":"seeder calls provision_tenant RPC","duration":0.04116600000000403,"failureMessages":[],"meta":{}},{"ancestorTitles":["Governance Seeder Contract"],"fullName":"Governance Seeder Contract seeder writes TENANT_ID to .env","status":"passed","title":"seeder writes TENANT_ID to .env","duration":0.07387500000000102,"failureMessages":[],"meta":{}},{"ancestorTitles":["Governance Seeder Contract"],"fullName":"Governance Seeder Contract seeder sets enterprise plan tier","status":"passed","title":"seeder sets enterprise plan tier","duration":0.033749999999997726,"failureMessages":[],"meta":{}},{"ancestorTitles":["Governance Seeder Contract"],"fullName":"Governance Seeder Contract seeder has explicit enterprise max for key limits","status":"passed","title":"seeder has explicit enterprise max for key limits","duration":0.0542080000000027,"failureMessages":[],"meta":{}},{"ancestorTitles":["Governance Seeder Contract"],"fullName":"Governance Seeder Contract seeder includes post-verification check","status":"passed","title":"seeder includes post-verification check","duration":0.02687500000000398,"failureMessages":[],"meta":{}}],"startTime":1775307903229,"endTime":1775307903231.074,"status":"passed","message":"","name":"/Users/webnorka/DESARROLLO/BOOTANDSTRAP/PLANTILLA+ADMIN/ecommerce-template/apps/storefront/src/lib/__tests__/governance-seeder-contract.test.ts"},{"assertionResults":[{"ancestorTitles":["Governance Source of Truth — E2E Drift Detection","flags: contract ↔ consumers"],"fullName":"Governance Source of Truth — E2E Drift Detection flags: contract ↔ consumers contract.flags.count matches actual keys length","status":"passed","title":"contract.flags.count matches actual keys length","duration":0.47904199999999264,"failureMessages":[],"meta":{}},{"ancestorTitles":["Governance Source of Truth — E2E Drift Detection","flags: contract ↔ consumers"],"fullName":"Governance Source of Truth — E2E Drift Detection flags: contract ↔ consumers contract flags = FeatureFlagsSchema keys (inline)","status":"passed","title":"contract flags = FeatureFlagsSchema keys (inline)","duration":0.32783400000002416,"failureMessages":[],"meta":{}},{"ancestorTitles":["Governance Source of Truth — E2E Drift Detection","flags: contract ↔ consumers"],"fullName":"Governance Source of Truth — E2E Drift Detection flags: contract ↔ consumers contract flags = FALLBACK_CONFIG.featureFlags keys (inline)","status":"passed","title":"contract flags = FALLBACK_CONFIG.featureFlags keys (inline)","duration":0.14291699999998286,"failureMessages":[],"meta":{}},{"ancestorTitles":["Governance Source of Truth — E2E Drift Detection","flags: contract ↔ consumers"],"fullName":"Governance Source of Truth — E2E Drift Detection flags: contract ↔ consumers contract flags = SharedFeatureFlagsSchema keys (package)","status":"passed","title":"contract flags = SharedFeatureFlagsSchema keys (package)","duration":0.11320800000001441,"failureMessages":[],"meta":{}},{"ancestorTitles":["Governance Source of Truth — E2E Drift Detection","flags: contract ↔ consumers"],"fullName":"Governance Source of Truth — E2E Drift Detection flags: contract ↔ consumers contract flags = SharedFALLBACK_CONFIG.featureFlags keys (package)","status":"passed","title":"contract flags = SharedFALLBACK_CONFIG.featureFlags keys (package)","duration":0.094333000000006,"failureMessages":[],"meta":{}},{"ancestorTitles":["Governance Source of Truth — E2E Drift Detection","flags: contract ↔ consumers"],"fullName":"Governance Source of Truth — E2E Drift Detection flags: contract ↔ consumers all flags default to false except enable_maintenance_mode","status":"passed","title":"all flags default to false except enable_maintenance_mode","duration":0.5162499999999852,"failureMessages":[],"meta":{}},{"ancestorTitles":["Gove
[...]
["POS Shift — Type contracts"],"fullName":"POS Shift — Type contracts exports POSShift with required fields","status":"passed","title":"exports POSShift with required fields","duration":4.795542000000012,"failureMessages":[],"meta":{}},{"ancestorTitles":["POS Shift — Type contracts"],"fullName":"POS Shift — Type contracts closed shift includes variance fields","status":"passed","title":"closed shift includes variance fields","duration":0.12133399999999028,"failureMessages":[],"meta":{}},{"ancestorTitles":["POS Shift — Type contracts"],"fullName":"POS Shift — Type contracts cash variance calculation is correct","status":"passed","title":"cash variance calculation is correct","duration":0.06837500000000318,"failureMessages":[],"meta":{}},{"ancestorTitles":["POS Shift — Module exports"],"fullName":"POS Shift — Module exports shift-manager.ts exports all lifecycle functions","status":"passed","title":"shift-manager.ts exports all lifecycle functions","duration":12.969042000000002,"failureMessages":[],"meta":{}},{"ancestorTitles":["POS Panel — Type contracts"],"fullName":"POS Panel — Type contracts POSPanelView includes all expected values","status":"passed","title":"POSPanelView includes all expected values","duration":0.599833000000018,"failureMessages":[],"meta":{}}],"startTime":1775307902183,"endTime":1775307902201.5999,"status":"passed","message":"","name":"/Users/webnorka/DESARROLLO/BOOTANDSTRAP/PLANTILLA+ADMIN/ecommerce-template/apps/storefront/src/lib/pos/shifts/__tests__/shift-manager.test.ts"},{"assertionResults":[{"ancestorTitles":["Payment Adapter — charge()"],"fullName":"Payment Adapter — charge() handles cash payments immediately (no Stripe)","status":"passed","title":"handles cash payments immediately (no Stripe)","duration":0.7430829999999986,"failureMessages":[],"meta":{}},{"ancestorTitles":["Payment Adapter — charge()"],"fullName":"Payment Adapter — charge() handles manual_card payments immediately (record-only)","status":"passed","title":"handles manual_card payments immediately (record-only)","duration":0.11216600000000199,"failureMessages":[],"meta":{}},{"ancestorTitles":["Payment Adapter — charge()"],"fullName":"Payment Adapter — charge() routes card_terminal to Stripe Terminal handler","status":"passed","title":"routes card_terminal to Stripe Terminal handler","duration":16.521333,"failureMessages":[],"meta":{}},{"ancestorTitles":["Payment Adapter — charge()"],"fullName":"Payment Adapter — charge() requires reader_id for card_terminal","status":"passed","title":"requires reader_id for card_terminal","duration":0.17204100000000722,"failureMessages":[],"meta":{}},{"ancestorTitles":["Payment Adapter — charge()"],"fullName":"Payment Adapter — charge() routes twint to Twint handler","status":"passed","title":"routes twint to Twint handler","duration":7.834958,"failureMessages":[],"meta":{}},{"ancestorTitles":["Payment Adapter — charge()"],"fullName":"Payment Adapter — charge() returns error for unknown payment method","status":"passed","title":"returns error for unknown payment method","duration":0.10770899999999983,"failureMessages":[],"meta":{}},{"ancestorTitles":["Payment Adapter — State Helpers"],"fullName":"Payment Adapter — State Helpers identifies terminal states correctly","status":"passed","title":"identifies terminal states correctly","duration":0.16500000000002046,"failureMessages":[],"meta":{}},{"ancestorTitles":["Payment Adapter — State Helpers"],"fullName":"Payment Adapter — State Helpers returns labels for all processing states","status":"passed","title":"returns labels for all processing states","duration":0.2959160000000054,"failureMessages":[],"meta":{}},{"ancestorTitles":["Payment Adapter — POS Config Types"],"fullName":"Payment Adapter — POS Config Types has 4 payment methods defined","status":"passed","title":"has 4 payment methods defined","duration":3.0687499999999943,"failureMessages":[],"meta":{}},{"ancestorTitles":["Payment Adapter — POS Config Types"],"fullName":"Payment Adapter — POS Config Types each payment method has minTier","status":"passed","title":"each payment method has minTier","duration":0.44670899999999847,"failureMessages":[],"meta":{}},{"ancestorTitles":["Payment Adapter — POS Config Types"],"fullName":"Payment Adapter — POS Config Types cash and manual_card are basic tier","status":"passed","title":"cash and manual_card are basic tier","duration":0.22425000000001205,"failureMessages":[],"meta":{}},{"ancestorTitles":["Payment Adapter — POS Config Types"],"fullName":"Payment Adapter — POS Config Types card_terminal is pro tier","status":"passed","title":"card_terminal is pro tier","duration":0.12504100000001017,"failureMessages":[],"meta":{}},{"ancestorTitles":["Payment Adapter — POS Config Types"],"fullName":"Payment Adapter — POS Config Types twint is enterprise tier","status":"passed","title":"twint is enterprise tier","duration":0.0972500000000025,"failureMessages":[],"meta":{}}],"startTime":1775307902340,"endTime":1775307902371.0972,"status":"passed","message":"","name":"/Users/webnorka/DESARROLLO/BOOTANDSTRAP/PLANTILLA+ADMIN/ecommerce-template/apps/storefront/src/lib/pos/payments/__tests__/payment-adapter.test.ts"},{"assertionResults":[{"ancestorTitles":["Registration customer limit — tenant scope"],"fullName":"Registration customer limit — tenant scope getRequiredTenantId() returns configured tenant","status":"passed","title":"getRequiredTenantId() returns configured tenant","duration":116.770375,"failureMessages":[],"meta":{}},{"ancestorTitles":["Registration customer limit — tenant scope"],"fullName":"Registration customer limit — tenant scope getRequiredTenantId() throws in production without TENANT_ID","status":"passed","title":"getRequiredTenantId() throws in production without TENANT_ID","duration":2.12175000000002,"failureMessages":[],"meta":{}},{"ancestorTitles":["Registration customer limit — tenant scope"],"fullName":"Registration customer limit — tenant scope getRequiredTenantId() returns dev placeholder when not set in dev mode","status":"passed","title":"getRequiredTenantId() returns dev placeholder when not set in dev mode","duration":1.5384579999999914,"failureMessages":[],"meta":{}}],"startTime":1775307901984,"endTime":1775307902104.5386,"status":"passed","message":"","name":"/Users/webnorka/DESARROLLO/BOOTANDSTRAP/PLANTILLA+ADMIN/ecommerce-template/apps/storefront/src/app/[lang]/(auth)/registro/__tests__/customer-limit-tenant-scope.test.ts"},{"assertionResults":[{"ancestorTitles":["POST /api/orders/lookup"],"fullName":"POST /api/orders/lookup returns 400 when email is missing","status":"passed","title":"returns 400 when email is missing","duration":211.488083,"failureMessages":[],"meta":{}},{"ancestorTitles":["POST /api/orders/lookup"],"fullName":"POST /api/orders/lookup returns 400 when display_id is missing","status":"passed","title":"returns 400 when display_id is missing","duration":0.35779099999996333,"failureMessages":[],"meta":{}},{"ancestorTitles":["POST /api/orders/lookup"],"fullName":"POST /api/orders/lookup returns 400 when both params are missing","status":"passed","title":"returns 400 when both params are missing","duration":0.23116599999997334,"failureMessages":[],"meta":{}},{"ancestorTitles":["POST /api/orders/lookup"],"fullName":"POST /api/orders/lookup returns 400 on invalid JSON body","status":"passed","title":"returns 400 on invalid JSON body","duration":0.22133300000001555,"failureMessages":[],"meta":{}},{"ancestorTitles":["POST /api/orders/lookup"],"fullName":"POST /api/orders/lookup returns 400 when display_id is non-numeric","status":"passed","title":"returns 400 when display_id is non-numeric","duration":0.2961660000000279,"failureMessages":[],"meta":{}},{"ancestorTitles":["POST /api/orders/lookup"],"fullName":"POST /api/orders/lookup returns 404 when no order matches display_id","status":"passed","title":"returns 404 when no order matches display_id","duration":0.2796660000000202,"failureMessages":[],"meta":{}},{"ancestorTitles":["POST /api/orders/lookup"],"fullName":"POST /api/orders/lookup returns 404 when order exists but email does not match","status":"passed","title":"returns 404 when order exists but email does not match","duration":0.21525000000002592,"failureMessages":[],"meta":{}},{"ancestorTitles":["POST /api/orders/lookup"],"fullName":"POST /api/orders/lookup returns 200 with minimal fields on valid match","status":"passed","title":"returns 200 with minimal fields on valid match","duration":0.5067499999999541,"failureMessages":[],"meta":{}},{"ancestorTitles":["POST /api/orders/lookup"],"fullName":"POST /api/orders/lookup returns 429 when rate limited","status":"passed","title":"returns 429 when rate limited","duration":1.269708000000037,"failureMessages":[],"meta":{}},{"ancestorTitles":["POST /api/orders/lookup"],"fullName":"POST /api/orders/lookup returns 403 when enable_order_tracking is disabled","status":"passed","title":"returns 403 when enable_order_tracking is disabled","duration":0.6989169999999945,"failureMessages":[],"meta":{}}],"startTime":1775307901778,"endTime":1775307901993.699,"status":"passed","message":"","name":"/Users/webnorka/DESARROLLO/BOOTANDSTRAP/PLANTILLA+ADMIN/ecommerce-template/apps/storefront/src/app/api/orders/lookup/__tests__/route.test.ts"},{"assertionResults":[{"ancestorTitles":["POST /api/webhooks/stripe — atomic idempotency"],"fullName":"POST /api/webhooks/stripe — atomic idempotency returns 503 when webhook secret is not configured","status":"passed","title":"returns 503 when webhook secret is not configured","duration":163.48091699999998,"failureMessages":[],"meta":{}},{"ancestorTitles":["POST /api/webhooks/stripe — atomic idempotency"],"fullName":"POST /api/webhooks/stripe — atomic idempotency returns 400 when stripe-signature header is missing","status":"passed","title":"returns 400 when stripe-signature header is missing","duration":2.452500000000043,"failureMessages":[],"meta":{}},{"ancestorTitles":["POST /api/webhooks/stripe — atomic idempotency"],"fullName":"POST /api/webhooks/stripe — atomic idempotency skips duplicate event when claimEvent finds already-processed event","status":"passed","title":"skips duplicate event when claimEvent finds already-processed event","duration":0.95799999999997,"failureMessages":[],"meta":{}},{"ancestorTitles":["POST /api/webhooks/stripe — atomic idempotency"],"fullName":"POST /api/webhooks/stripe — atomic idempotency processes first-time event when claimEvent inserts successfully","status":"passed","title":"processes first-time event when claimEvent inserts successfully","duration":33.68116699999996,"failureMessages":[],"meta":{}},{"ancestorTitles":["POST /api/webhooks/stripe — atomic idempotency"],"fullName":"POST /api/webhooks/stripe — atomic idempotency returns 503 when Supabase is unavailable (fail-safe: forces Stripe retry)","status":"passed","title":"returns 503 when Supabase is unavailable (fail-safe: forces Stripe retry)","duration":0.8721669999999904,"failureMessages":[],"meta":{}},{"ancestorTitles":["POST /api/webhooks/stripe — atomic idempotency"],"fullName":"POST /api/webhooks/stripe — atomic idempotency returns 503 when Supabase config is missing (fail-safe: forces Stripe retry)","status":"passed","title":"returns 503 when Supabase config is missing (fail-safe: forces Stripe retry)","duration":0.8850830000000087,"failureMessages":[],"meta":{}},{"ancestorTitles":["POST /api/webhooks/stripe — atomic idempotency"],"fullName":"POST /api/webhooks/stripe — atomic idempotency returns 500 when cart completion fails (critical path)","status":"passed","title":"returns 500 when cart completion fails (critical path)","duration":7006.408084,"failureMessages":[],"meta":{}},{"ancestorTitles":["POST /api/webhooks/stripe — atomic idempotency"],"fullName":"POST /api/webhooks/stripe — atomic idempotency returns 200 when email fails but cart succeeds (non-critical)","status":"passed","title":"returns 200 when email fails but cart succeeds (non-critical)","duration":1.4022920000006707,"failureMessages":[],"meta":{}}],"startTime":1775307901778,"endTime":1775307908988.4023,"status":"passed","message":"","name":"/Users/webnorka/DESARROLLO/BOOTANDSTRAP/PLANTILLA+ADMIN/ecommerce-template/apps/storefront/src/app/api/webhooks/stripe/__tests__/route.test.ts"},{"assertionResults":[{"ancestorTitles":["order ownership guard"],"fullName":"order ownership guard blocks fulfill when order is outside tenant scope","status":"passed","title":"blocks fulfill when order is outside tenant scope","duration":41.92583300000001,"failureMessages":[],"meta":{}},{"ancestorTitles":["order ownership guard"],"fullName":"order ownership guard allows fulfill when order belongs to tenant scope","status":"passed","title":"allows fulfill when order belongs to tenant scope","duration":2.484499999999997,"failureMessages":[],"meta":{}},{"ancestorTitles":["order ownership guard"],"fullName":"order ownership guard blocks cancel when order is outside tenant scope","status":"passed","title":"blocks cancel when order is outside tenant scope","duration":0.17220799999998349,"failureMessages":[],"meta":{}}],"startTime":1775307902167,"endTime":1775307902211.4846,"status":"passed","message":"","name":"/Users/webnorka/DESARROLLO/BOOTANDSTRAP/PLANTILLA+ADMIN/ecommerce-template/apps/storefront/src/app/[lang]/(panel)/panel/pedidos/__tests__/order-ownership-guard.test.ts"},{"assertionResults":[{"ancestorTitles":["renderWhatsAppPreviewParts"],"fullName":"renderWhatsAppPreviewParts replaces known variables and marks bold segments","status":"passed","title":"replaces known variables and marks bold segments","duration":0.7962080000000071,"failureMessages":[],"meta":{}},{"ancestorTitles":["renderWhatsAppPreviewParts"],"fullName":"renderWhatsAppPreviewParts keeps attacker HTML as plain text (no HTML rendering path)","status":"passed","title":"keeps attacker HTML as plain text (no HTML rendering path)","duration":0.08791600000000699,"failureMessages":[],"meta":{}}],"startTime":1775307903470,"endTime":1775307903471.088,"status":"passed","message":"","name":"/Users/webnorka/DESARROLLO/BOOTANDSTRAP/PLANTILLA+ADMIN/ecommerce-template/apps/storefront/src/app/[lang]/(panel)/panel/mensajes/__tests__/preview-render.test.ts"},{"assertionResults":[{"ancestorTitles":["createCategory server-side limits"],"fullName":"createCategory server-side limits blocks creation when max_categories limit is reached","status":"failed","title":"blocks creation when max_categories limit is reached","duration":208.848167,"failureMessages":["AssertionError: expected 'LIMIT_EXCEEDED:max_categories:1/1' to contain 'Límite de categorías alcanzado'\n    at /Users/webnorka/DESARROLLO/BOOTANDSTRAP/PLANTILLA+ADMIN/ecommerce-template/apps/storefront/src/app/[lang]/(panel)/panel/categorias/__tests__/limits-server-enforcement.test.ts:77:30\n    at processTicksAndRejections (node:internal/process/task_queues:103:5)\n    at file:///Users/webnorka/DESARROLLO/BOOTANDSTRAP/PLANTILLA+ADMIN/ecommerce-template/node_modules/.pnpm/@vitest+runner@4.0.18/node_modules/@vitest/runner/dist/index.js:915:20"],"meta":{}},{"ancestorTitles":["createCategory server-side limits"],"fullName":"createCategory server-side limits creates category when below the plan limit","status":"passed","title":"creates category when below the plan limit","duration":1.3199999999999932,"failureMessages":[],"meta":{}}],"startTime":1775307901778,"endTime":1775307901988.32,"status":"failed","message":"","name":"/Users/webnorka/DESARROLLO/BOOTANDSTRAP/PLANTILLA+ADMIN/ecommerce-template/apps/storefront/src/app/[lang]/(panel)/panel/categorias/__tests__/limits-server-enforcement.test.ts"},{"assertionResults":[{"ancestorTitles":["createProduct server-side limits"],"fullName":"createProduct server-side limits blocks creation when max_products limit is reached","status":"passed","title":"blocks creation when max_products limit is reached","duration":206.53824999999998,"failureMessages":[],"meta":{}},{"ancestorTitles":["createProduct server-side limits"],"fullName":"createProduct server-side limits creates product when below the plan limit","status":"passed","title":"creates product when below the plan limit","duration":2.1986249999999927,"failureMessages":[],"meta":{}}],"startTime":1775307901776,"endTime":1775307901984.1987,"status":"passed","message":"","name":"/Users/webnorka/DESARROLLO/BOOTANDSTRAP/PLANTILLA+ADMIN/ecommerce-template/apps/storefront/src/app/[lang]/(panel)/panel/productos/__tests__/limits-server-enforcement.test.ts"},{"assertionResults":[{"ancestorTitles":["subscription ux contract"],"fullName":"subscription ux contract renders non-technical module card sections","status":"passed","title":"renders non-technical module card sections","duration":19.087125000000015,"failureMessages":[],"meta":{}},{"ancestorTitles":["subscription ux contract"],"fullName":"subscription ux contract recommends ecommerce first when not active","status":"passed","title":"recommends ecommerce first when not active","duration":0.1409169999999449,"failureMessages":[],"meta":{}}],"startTime":1775307903285,"endTime":1775307903304.1409,"status":"passed","message":"","name":"/Users/webnorka/DESARROLLO/BOOTANDSTRAP/PLANTILLA+ADMIN/ecommerce-template/apps/storefront/src/app/[lang]/(panel)/panel/suscripcion/__tests__/subscription-ux-contract.test.tsx"},{"assertionResults":[{"ancestorTitles":["StoreConfigUpdateSchema"],"fullName":"StoreConfigUpdateSchema accepts a valid partial config payload","status":"passed","title":"accepts a valid partial config payload","duration":1.1982500000000016,"failureMessages":[],"meta":{}},{"ancestorTitles":["StoreConfigUpdateSchema"],"fullName":"StoreConfigUpdateSchema accepts payload with extra metadata keys (id, tenant_id, created_at)","status":"passed","title":"accepts payload with extra metadata keys (id, tenant_id, created_at)","duration":0.29862499999998704,"failureMessages":[],"meta":{}},{"ancestorTitles":["StoreConfigUpdateSchema"],"fullName":"StoreConfigUpdateSchema rejects script tags in text fields","status":"passed","title":"rejects script tags in text fields","duration":0.20216700000000287,"failureMessages":[],"meta":{}},{"ancestorTitles":["StoreConfigUpdateSchema"],"fullName":"StoreConfigUpdateSchema rejects invalid theme_mode value","status":"passed","title":"rejects invalid theme_mode value","duration":0.20329199999997627,"failureMessages":[],"meta":{}},{"ancestorTitles":["StoreConfigUpdateSchema"],"fullName":"StoreConfigUpdateSchema rejects oversized business_name","status":"passed","title":"rejects oversized business_name","duration":0.10466699999997786,"failureMessages":[],"meta":{}},{"ancestorTitles":["StoreConfigUpdateSchema"],"fullName":"StoreConfigUpdateSchema accepts empty object (no fields to update)","status":"passed","title":"accepts empty object (no fields to update)","duration":0.09270899999998505,"failureMessages":[],"meta":{}},{"ancestorTitles":["Allowlist filter (defense in depth)"],"fullName":"Allowlist filter (defense in depth) strips id, tenant_id, created_at from parsed payload","status":"passed","title":"strips id, tenant_id, created_at from parsed payload","duration":0.497415999999987,"failureMessages":[],"meta":{}},{"ancestorTitles":["Allowlist filter (defense in depth)"],"fullName":"Allowlist filter (defense in depth) preserves all allowed fields when present","status":"passed","title":"preserves all allowed fields when present","duration":0.06545800000000668,"failureMessages":[],"meta":{}},{"ancestorTitles":["Allowlist filter (defense in depth)"],"fullName":"Allowlist filter (defense in depth) returns empty object when no allowed fields present","status":"passed","title":"returns empty object when no allowed fields present","duration":0.3173749999999984,"failureMessages":[],"meta":{}}],"startTime":1775307902672,"endTime":1775307902674.4973,"status":"passed","message":"","name":"/Users/webnorka/DESARROLLO/BOOTANDSTRAP/PLANTILLA+ADMIN/ecommerce-template/apps/storefront/src/app/[lang]/(panel)/panel/tienda/__tests__/actions.test.ts"}]}
